# JRE version: OpenJDK Runtime Environment Temurin-17.0.13+11 (17.0.13+11) (build 17.0.13+11)
# Java VM: OpenJDK 64-Bit Server VM Temurin-17.0.13+11 (17.0.13+11, mixed mode, tiered, compressed oops, compressed class ptrs, parallel gc, windows-amd64)
GC Precious Log:
 CPUs: 12 total, 12 available
 Memory: 18277M
 Large Page Support: Disabled
 NUMA Support: Disabled
 Compressed Oops: Enabled (32-bit)
 Alignments: Space 512K, Generation 512K, Heap 2M
 Heap Min Capacity: 100M
 Heap Initial Capacity: 100M
 Heap Max Capacity: 1G
 Pre-touch: Disabled
 Parallel Workers: 10
Heap:
 PSYoungGen      total 10240K, used 3580K [0x00000000eab00000, 0x00000000eb880000, 0x0000000100000000)
  eden space 9728K, 31% used [0x00000000eab00000,0x00000000eadff230,0x00000000eb480000)
  from space 512K, 100% used [0x00000000eb800000,0x00000000eb880000,0x00000000eb880000)
  to   space 1024K, 0% used [0x00000000eb680000,0x00000000eb680000,0x00000000eb780000)
 ParOldGen       total 68608K, used 48104K [0x00000000c0000000, 0x00000000c4300000, 0x00000000eab00000)
  object space 68608K, 70% used [0x00000000c0000000,0x00000000c2efa238,0x00000000c4300000)
 Metaspace       used 68949K, committed 70080K, reserved 1114112K
  class space    used 8492K, committed 9024K, reserved 1048576K
GC Heap History (20 events):
Event: 18.938 GC heap before
{Heap before GC invocations=60 (full 3):
 PSYoungGen      total 10240K, used 10221K [0x00000000eab00000, 0x00000000eb980000, 0x0000000100000000)
  eden space 9728K, 100% used [0x00000000eab00000,0x00000000eb480000,0x00000000eb480000)
  from space 512K, 96% used [0x00000000eb900000,0x00000000eb97b420,0x00000000eb980000)
  to   space 1024K, 0% used [0x00000000eb780000,0x00000000eb780000,0x00000000eb880000)
 ParOldGen       total 68608K, used 44374K [0x00000000c0000000, 0x00000000c4300000, 0x00000000eab00000)
  object space 68608K, 64% used [0x00000000c0000000,0x00000000c2b55908,0x00000000c4300000)
 Metaspace       used 67253K, committed 68416K, reserved 1114112K
  class space    used 8248K, committed 8768K, reserved 1048576K
}
Event: 18.939 GC heap after
{Heap after GC invocations=60 (full 3):
 PSYoungGen      total 10752K, used 1022K [0x00000000eab00000, 0x00000000eb980000, 0x0000000100000000)
  eden space 9728K, 0% used [0x00000000eab00000,0x00000000eab00000,0x00000000eb480000)
  from space 1024K, 99% used [0x00000000eb780000,0x00000000eb87f808,0x00000000eb880000)
  to   space 1024K, 0% used [0x00000000eb880000,0x00000000eb880000,0x00000000eb980000)
 ParOldGen       total 68608K, used 44530K [0x00000000c0000000, 0x00000000c4300000, 0x00000000eab00000)
  object space 68608K, 64% used [0x00000000c0000000,0x00000000c2b7c9d8,0x00000000c4300000)
 Metaspace       used 67253K, committed 68416K, reserved 1114112K
  class space    used 8248K, committed 8768K, reserved 1048576K
}
Event: 19.047 GC heap before
{Heap before GC invocations=61 (full 3):
 PSYoungGen      total 10752K, used 10750K [0x00000000eab00000, 0x00000000eb980000, 0x0000000100000000)
  eden space 9728K, 100% used [0x00000000eab00000,0x00000000eb480000,0x00000000eb480000)
  from space 1024K, 99% used [0x00000000eb780000,0x00000000eb87f808,0x00000000eb880000)
  to   space 1024K, 0% used [0x00000000eb880000,0x00000000eb880000,0x00000000eb980000)
 ParOldGen       total 68608K, used 44530K [0x00000000c0000000, 0x00000000c4300000, 0x00000000eab00000)
  object space 68608K, 64% used [0x00000000c0000000,0x00000000c2b7c9d8,0x00000000c4300000)
 Metaspace       used 67253K, committed 68416K, reserved 1114112K
  class space    used 8248K, committed 8768K, reserved 1048576K
}
Event: 19.049 GC heap after
{Heap after GC invocations=61 (full 3):
 PSYoungGen      total 10240K, used 263K [0x00000000eab00000, 0x00000000eb900000, 0x0000000100000000)
  eden space 9728K, 0% used [0x00000000eab00000,0x00000000eab00000,0x00000000eb480000)
  from space 512K, 51% used [0x00000000eb880000,0x00000000eb8c1cb0,0x00000000eb900000)
  to   space 1024K, 0% used [0x00000000eb700000,0x00000000eb700000,0x00000000eb800000)
 ParOldGen       total 68608K, used 45552K [0x00000000c0000000, 0x00000000c4300000, 0x00000000eab00000)
  object space 68608K, 66% used [0x00000000c0000000,0x00000000c2c7c168,0x00000000c4300000)
 Metaspace       used 67253K, committed 68416K, reserved 1114112K
  class space    used 8248K, committed 8768K, reserved 1048576K
}
Event: 19.131 GC heap before
{Heap before GC invocations=62 (full 3):
 PSYoungGen      total 10240K, used 9991K [0x00000000eab00000, 0x00000000eb900000, 0x0000000100000000)
  eden space 9728K, 100% used [0x00000000eab00000,0x00000000eb480000,0x00000000eb480000)
  from space 512K, 51% used [0x00000000eb880000,0x00000000eb8c1cb0,0x00000000eb900000)
  to   space 1024K, 0% used [0x00000000eb700000,0x00000000eb700000,0x00000000eb800000)
 ParOldGen       total 68608K, used 45552K [0x00000000c0000000, 0x00000000c4300000, 0x00000000eab00000)
  object space 68608K, 66% used [0x00000000c0000000,0x00000000c2c7c168,0x00000000c4300000)
 Metaspace       used 67253K, committed 68416K, reserved 1114112K
  class space    used 8248K, committed 8768K, reserved 1048576K
}
Event: 19.132 GC heap after
{Heap after GC invocations=62 (full 3):
 PSYoungGen      total 10752K, used 426K [0x00000000eab00000, 0x00000000eb900000, 0x0000000100000000)
  eden space 9728K, 0% used [0x00000000eab00000,0x00000000eab00000,0x00000000eb480000)
  from space 1024K, 41% used [0x00000000eb700000,0x00000000eb76a9a0,0x00000000eb800000)
  to   space 512K, 0% used [0x00000000eb880000,0x00000000eb880000,0x00000000eb900000)
 ParOldGen       total 68608K, used 45632K [0x00000000c0000000, 0x00000000c4300000, 0x00000000eab00000)
  object space 68608K, 66% used [0x00000000c0000000,0x00000000c2c90178,0x00000000c4300000)
 Metaspace       used 67253K, committed 68416K, reserved 1114112K
  class space    used 8248K, committed 8768K, reserved 1048576K
}
Event: 19.202 GC heap before
{Heap before GC invocations=63 (full 3):
 PSYoungGen      total 10752K, used 10154K [0x00000000eab00000, 0x00000000eb900000, 0x0000000100000000)
  eden space 9728K, 100% used [0x00000000eab00000,0x00000000eb480000,0x00000000eb480000)
  from space 1024K, 41% used [0x00000000eb700000,0x00000000eb76a9a0,0x00000000eb800000)
  to   space 512K, 0% used [0x00000000eb880000,0x00000000eb880000,0x00000000eb900000)
 ParOldGen       total 68608K, used 45632K [0x00000000c0000000, 0x00000000c4300000, 0x00000000eab00000)
  object space 68608K, 66% used [0x00000000c0000000,0x00000000c2c90178,0x00000000c4300000)
 Metaspace       used 67253K, committed 68416K, reserved 1114112K
  class space    used 8248K, committed 8768K, reserved 1048576K
}
Event: 19.203 GC heap after
{Heap after GC invocations=63 (full 3):
 PSYoungGen      total 10240K, used 492K [0x00000000eab00000, 0x00000000eb900000, 0x0000000100000000)
  eden space 9728K, 0% used [0x00000000eab00000,0x00000000eab00000,0x00000000eb480000)
  from space 512K, 96% used [0x00000000eb880000,0x00000000eb8fb010,0x00000000eb900000)
  to   space 1536K, 0% used [0x00000000eb600000,0x00000000eb600000,0x00000000eb780000)
 ParOldGen       total 68608K, used 46461K [0x00000000c0000000, 0x00000000c4300000, 0x00000000eab00000)
  object space 68608K, 67% used [0x00000000c0000000,0x00000000c2d5f740,0x00000000c4300000)
 Metaspace       used 67253K, committed 68416K, reserved 1114112K
  class space    used 8248K, committed 8768K, reserved 1048576K
}
Event: 19.265 GC heap before
{Heap before GC invocations=64 (full 3):
 PSYoungGen      total 10240K, used 10220K [0x00000000eab00000, 0x00000000eb900000, 0x0000000100000000)
  eden space 9728K, 100% used [0x00000000eab00000,0x00000000eb480000,0x00000000eb480000)
  from space 512K, 96% used [0x00000000eb880000,0x00000000eb8fb010,0x00000000eb900000)
  to   space 1536K, 0% used [0x00000000eb600000,0x00000000eb600000,0x00000000eb780000)
 ParOldGen       total 68608K, used 46461K [0x00000000c0000000, 0x00000000c4300000, 0x00000000eab00000)
  object space 68608K, 67% used [0x00000000c0000000,0x00000000c2d5f740,0x00000000c4300000)
 Metaspace       used 67253K, committed 68416K, reserved 1114112K
  class space    used 8248K, committed 8768K, reserved 1048576K
}
Event: 19.266 GC heap after
{Heap after GC invocations=64 (full 3):
 PSYoungGen      total 11264K, used 295K [0x00000000eab00000, 0x00000000eb900000, 0x0000000100000000)
  eden space 9728K, 0% used [0x00000000eab00000,0x00000000eab00000,0x00000000eb480000)
  from space 1536K, 19% used [0x00000000eb600000,0x00000000eb649cb0,0x00000000eb780000)
  to   space 1024K, 0% used [0x00000000eb800000,0x00000000eb800000,0x00000000eb900000)
 ParOldGen       total 68608K, used 46817K [0x00000000c0000000, 0x00000000c4300000, 0x00000000eab00000)
  object space 68608K, 68% used [0x00000000c0000000,0x00000000c2db86a8,0x00000000c4300000)
 Metaspace       used 67253K, committed 68416K, reserved 1114112K
  class space    used 8248K, committed 8768K, reserved 1048576K
}
Event: 19.373 GC heap before
{Heap before GC invocations=65 (full 3):
 PSYoungGen      total 11264K, used 10023K [0x00000000eab00000, 0x00000000eb900000, 0x0000000100000000)
  eden space 9728K, 100% used [0x00000000eab00000,0x00000000eb480000,0x00000000eb480000)
  from space 1536K, 19% used [0x00000000eb600000,0x00000000eb649cb0,0x00000000eb780000)
  to   space 1024K, 0% used [0x00000000eb800000,0x00000000eb800000,0x00000000eb900000)
 ParOldGen       total 68608K, used 46817K [0x00000000c0000000, 0x00000000c4300000, 0x00000000eab00000)
  object space 68608K, 68% used [0x00000000c0000000,0x00000000c2db86a8,0x00000000c4300000)
 Metaspace       used 67253K, committed 68416K, reserved 1114112K
  class space    used 8248K, committed 8768K, reserved 1048576K
}
Event: 19.376 GC heap after
{Heap after GC invocations=65 (full 3):
 PSYoungGen      total 10240K, used 288K [0x00000000eab00000, 0x00000000eb880000, 0x0000000100000000)
  eden space 9728K, 0% used [0x00000000eab00000,0x00000000eab00000,0x00000000eb480000)
  from space 512K, 56% used [0x00000000eb800000,0x00000000eb848000,0x00000000eb880000)
  to   space 512K, 0% used [0x00000000eb780000,0x00000000eb780000,0x00000000eb800000)
 ParOldGen       total 68608K, used 46873K [0x00000000c0000000, 0x00000000c4300000, 0x00000000eab00000)
  object space 68608K, 68% used [0x00000000c0000000,0x00000000c2dc66b8,0x00000000c4300000)
 Metaspace       used 67253K, committed 68416K, reserved 1114112K
  class space    used 8248K, committed 8768K, reserved 1048576K
}
Event: 19.469 GC heap before
{Heap before GC invocations=66 (full 3):
 PSYoungGen      total 10240K, used 10016K [0x00000000eab00000, 0x00000000eb880000, 0x0000000100000000)
  eden space 9728K, 100% used [0x00000000eab00000,0x00000000eb480000,0x00000000eb480000)
  from space 512K, 56% used [0x00000000eb800000,0x00000000eb848000,0x00000000eb880000)
  to   space 512K, 0% used [0x00000000eb780000,0x00000000eb780000,0x00000000eb800000)
 ParOldGen       total 68608K, used 46873K [0x00000000c0000000, 0x00000000c4300000, 0x00000000eab00000)
  object space 68608K, 68% used [0x00000000c0000000,0x00000000c2dc66b8,0x00000000c4300000)
 Metaspace       used 67253K, committed 68416K, reserved 1114112K
  class space    used 8248K, committed 8768K, reserved 1048576K
}
Event: 19.470 GC heap after
{Heap after GC invocations=66 (full 3):
 PSYoungGen      total 10240K, used 511K [0x00000000eab00000, 0x00000000eb880000, 0x0000000100000000)
  eden space 9728K, 0% used [0x00000000eab00000,0x00000000eab00000,0x00000000eb480000)
  from space 512K, 99% used [0x00000000eb780000,0x00000000eb7fff50,0x00000000eb800000)
  to   space 512K, 0% used [0x00000000eb800000,0x00000000eb800000,0x00000000eb880000)
 ParOldGen       total 68608K, used 47715K [0x00000000c0000000, 0x00000000c4300000, 0x00000000eab00000)
  object space 68608K, 69% used [0x00000000c0000000,0x00000000c2e98fd8,0x00000000c4300000)
 Metaspace       used 67253K, committed 68416K, reserved 1114112K
  class space    used 8248K, committed 8768K, reserved 1048576K
}
Event: 19.536 GC heap before
{Heap before GC invocations=67 (full 3):
 PSYoungGen      total 10240K, used 10239K [0x00000000eab00000, 0x00000000eb880000, 0x0000000100000000)
  eden space 9728K, 100% used [0x00000000eab00000,0x00000000eb480000,0x00000000eb480000)
  from space 512K, 99% used [0x00000000eb780000,0x00000000eb7fff50,0x00000000eb800000)
  to   space 512K, 0% used [0x00000000eb800000,0x00000000eb800000,0x00000000eb880000)
 ParOldGen       total 68608K, used 47715K [0x00000000c0000000, 0x00000000c4300000, 0x00000000eab00000)
  object space 68608K, 69% used [0x00000000c0000000,0x00000000c2e98fd8,0x00000000c4300000)
 Metaspace       used 67253K, committed 68416K, reserved 1114112K
  class space    used 8248K, committed 8768K, reserved 1048576K
}
Event: 19.536 GC heap after
{Heap after GC invocations=67 (full 3):
 PSYoungGen      total 10240K, used 224K [0x00000000eab00000, 0x00000000eb880000, 0x0000000100000000)
  eden space 9728K, 0% used [0x00000000eab00000,0x00000000eab00000,0x00000000eb480000)
  from space 512K, 43% used [0x00000000eb800000,0x00000000eb838000,0x00000000eb880000)
  to   space 1024K, 0% used [0x00000000eb680000,0x00000000eb680000,0x00000000eb780000)
 ParOldGen       total 68608K, used 47792K [0x00000000c0000000, 0x00000000c4300000, 0x00000000eab00000)
  object space 68608K, 69% used [0x00000000c0000000,0x00000000c2eac208,0x00000000c4300000)
 Metaspace       used 67253K, committed 68416K, reserved 1114112K
  class space    used 8248K, committed 8768K, reserved 1048576K
}
Event: 19.919 GC heap before
{Heap before GC invocations=68 (full 3):
 PSYoungGen      total 10240K, used 9952K [0x00000000eab00000, 0x00000000eb880000, 0x0000000100000000)
  eden space 9728K, 100% used [0x00000000eab00000,0x00000000eb480000,0x00000000eb480000)
  from space 512K, 43% used [0x00000000eb800000,0x00000000eb838000,0x00000000eb880000)
  to   space 1024K, 0% used [0x00000000eb680000,0x00000000eb680000,0x00000000eb780000)
 ParOldGen       total 68608K, used 47792K [0x00000000c0000000, 0x00000000c4300000, 0x00000000eab00000)
  object space 68608K, 69% used [0x00000000c0000000,0x00000000c2eac208,0x00000000c4300000)
 Metaspace       used 67899K, committed 68992K, reserved 1114112K
  class space    used 8347K, committed 8832K, reserved 1048576K
}
Event: 19.920 GC heap after
{Heap after GC invocations=68 (full 3):
 PSYoungGen      total 10752K, used 352K [0x00000000eab00000, 0x00000000eb880000, 0x0000000100000000)
  eden space 9728K, 0% used [0x00000000eab00000,0x00000000eab00000,0x00000000eb480000)
  from space 1024K, 34% used [0x00000000eb680000,0x00000000eb6d8000,0x00000000eb780000)
  to   space 512K, 0% used [0x00000000eb800000,0x00000000eb800000,0x00000000eb880000)
 ParOldGen       total 68608K, used 47856K [0x00000000c0000000, 0x00000000c4300000, 0x00000000eab00000)
  object space 68608K, 69% used [0x00000000c0000000,0x00000000c2ebc218,0x00000000c4300000)
 Metaspace       used 67899K, committed 68992K, reserved 1114112K
  class space    used 8347K, committed 8832K, reserved 1048576K
}
Event: 24.464 GC heap before
{Heap before GC invocations=69 (full 3):
 PSYoungGen      total 10752K, used 10080K [0x00000000eab00000, 0x00000000eb880000, 0x0000000100000000)
  eden space 9728K, 100% used [0x00000000eab00000,0x00000000eb480000,0x00000000eb480000)
  from space 1024K, 34% used [0x00000000eb680000,0x00000000eb6d8000,0x00000000eb780000)
  to   space 512K, 0% used [0x00000000eb800000,0x00000000eb800000,0x00000000eb880000)
 ParOldGen       total 68608K, used 47856K [0x00000000c0000000, 0x00000000c4300000, 0x00000000eab00000)
  object space 68608K, 69% used [0x00000000c0000000,0x00000000c2ebc218,0x00000000c4300000)
 Metaspace       used 68616K, committed 69696K, reserved 1114112K
  class space    used 8439K, committed 8960K, reserved 1048576K
}
Event: 24.467 GC heap after
{Heap after GC invocations=69 (full 3):
 PSYoungGen      total 10240K, used 512K [0x00000000eab00000, 0x00000000eb880000, 0x0000000100000000)
  eden space 9728K, 0% used [0x00000000eab00000,0x00000000eab00000,0x00000000eb480000)
  from space 512K, 100% used [0x00000000eb800000,0x00000000eb880000,0x00000000eb880000)
  to   space 1024K, 0% used [0x00000000eb680000,0x00000000eb680000,0x00000000eb780000)
 ParOldGen       total 68608K, used 48104K [0x00000000c0000000, 0x00000000c4300000, 0x00000000eab00000)
  object space 68608K, 70% used [0x00000000c0000000,0x00000000c2efa238,0x00000000c4300000)
 Metaspace       used 68616K, committed 69696K, reserved 1114112K
  class space    used 8439K, committed 8960K, reserved 1048576K
}

