# JRE version: OpenJDK Runtime Environment (21.0.4) (build 21.0.4+-12508038-b607.1)
# Java VM: OpenJDK 64-Bit Server VM (21.0.4+-12508038-b607.1, mixed mode, tiered, compressed oops, compressed class ptrs, g1 gc, windows-amd64)
GC Precious Log:
 CardTable entry size: 512
 Card Set container configuration: InlinePtr #cards 4 size 8 Array Of Cards #cards 32 size 80 Howl #buckets 8 coarsen threshold 7372 Howl Bitmap #cards 1024 size 144 coarsen threshold 921 Card regions per heap region 1 cards per card region 8192
 CPUs: 12 total, 12 available
 Memory: 18277M
 Large Page Support: Disabled
 NUMA Support: Disabled
 Compressed Oops: Enabled (Zero based)
 Heap Region Size: 4M
 Heap Min Capacity: 8M
 Heap Initial Capacity: 288M
 Heap Max Capacity: 8G
 Pre-touch: Disabled
 Parallel Workers: 10
 Concurrent Workers: 3
 Concurrent Refinement Workers: 10
 Periodic GC: Disabled
Heap:
 garbage-first heap   total 438272K, used 137263K [0x0000000600000000, 0x0000000800000000)
  region size 4096K, 5 young (20480K), 5 survivors (20480K)
 Metaspace       used 93819K, committed 95744K, reserved 1179648K
  class space    used 12769K, committed 13760K, reserved 1048576K
GC Heap History (20 events):
Event: 16.041 GC heap after
{Heap after GC invocations=35 (full 0):
 garbage-first heap   total 348160K, used 116943K [0x0000000600000000, 0x0000000800000000)
  region size 4096K, 3 young (12288K), 3 survivors (12288K)
 Metaspace       used 84905K, committed 86848K, reserved 1179648K
  class space    used 11695K, committed 12672K, reserved 1048576K
}
Event: 16.307 GC heap before
{Heap before GC invocations=35 (full 0):
 garbage-first heap   total 348160K, used 313551K [0x0000000600000000, 0x0000000800000000)
  region size 4096K, 51 young (208896K), 3 survivors (12288K)
 Metaspace       used 84987K, committed 86912K, reserved 1179648K
  class space    used 11705K, committed 12672K, reserved 1048576K
}
Event: 16.313 GC heap after
{Heap after GC invocations=36 (full 0):
 garbage-first heap   total 348160K, used 118362K [0x0000000600000000, 0x0000000800000000)
  region size 4096K, 4 young (16384K), 4 survivors (16384K)
 Metaspace       used 84987K, committed 86912K, reserved 1179648K
  class space    used 11705K, committed 12672K, reserved 1048576K
}
Event: 16.602 GC heap before
{Heap before GC invocations=37 (full 0):
 garbage-first heap   total 348160K, used 306778K [0x0000000600000000, 0x0000000800000000)
  region size 4096K, 50 young (204800K), 4 survivors (16384K)
 Metaspace       used 85003K, committed 86976K, reserved 1179648K
  class space    used 11707K, committed 12672K, reserved 1048576K
}
Event: 16.609 GC heap after
{Heap after GC invocations=38 (full 0):
 garbage-first heap   total 348160K, used 120327K [0x0000000600000000, 0x0000000800000000)
  region size 4096K, 4 young (16384K), 4 survivors (16384K)
 Metaspace       used 85003K, committed 86976K, reserved 1179648K
  class space    used 11707K, committed 12672K, reserved 1048576K
}
Event: 16.801 GC heap before
{Heap before GC invocations=38 (full 0):
 garbage-first heap   total 348160K, used 308743K [0x0000000600000000, 0x0000000800000000)
  region size 4096K, 50 young (204800K), 4 survivors (16384K)
 Metaspace       used 85008K, committed 86976K, reserved 1179648K
  class space    used 11707K, committed 12672K, reserved 1048576K
}
Event: 16.809 GC heap after
{Heap after GC invocations=39 (full 0):
 garbage-first heap   total 348160K, used 121222K [0x0000000600000000, 0x0000000800000000)
  region size 4096K, 5 young (20480K), 5 survivors (20480K)
 Metaspace       used 85008K, committed 86976K, reserved 1179648K
  class space    used 11707K, committed 12672K, reserved 1048576K
}
Event: 17.104 GC heap before
{Heap before GC invocations=39 (full 0):
 garbage-first heap   total 348160K, used 297350K [0x0000000600000000, 0x0000000800000000)
  region size 4096K, 49 young (200704K), 5 survivors (20480K)
 Metaspace       used 85084K, committed 87040K, reserved 1179648K
  class space    used 11719K, committed 12672K, reserved 1048576K
}
Event: 17.113 GC heap after
{Heap after GC invocations=40 (full 0):
 garbage-first heap   total 438272K, used 124263K [0x0000000600000000, 0x0000000800000000)
  region size 4096K, 5 young (20480K), 5 survivors (20480K)
 Metaspace       used 85084K, committed 87040K, reserved 1179648K
  class space    used 11719K, committed 12672K, reserved 1048576K
}
Event: 17.776 GC heap before
{Heap before GC invocations=41 (full 0):
 garbage-first heap   total 438272K, used 365927K [0x0000000600000000, 0x0000000800000000)
  region size 4096K, 64 young (262144K), 5 survivors (20480K)
 Metaspace       used 85089K, committed 87040K, reserved 1179648K
  class space    used 11719K, committed 12672K, reserved 1048576K
}
Event: 17.783 GC heap after
{Heap after GC invocations=42 (full 0):
 garbage-first heap   total 438272K, used 127091K [0x0000000600000000, 0x0000000800000000)
  region size 4096K, 5 young (20480K), 5 survivors (20480K)
 Metaspace       used 85089K, committed 87040K, reserved 1179648K
  class space    used 11719K, committed 12672K, reserved 1048576K
}
Event: 18.169 GC heap before
{Heap before GC invocations=42 (full 0):
 garbage-first heap   total 438272K, used 368755K [0x0000000600000000, 0x0000000800000000)
  region size 4096K, 64 young (262144K), 5 survivors (20480K)
 Metaspace       used 85089K, committed 87040K, reserved 1179648K
  class space    used 11719K, committed 12672K, reserved 1048576K
}
Event: 18.179 GC heap after
{Heap after GC invocations=43 (full 0):
 garbage-first heap   total 438272K, used 129703K [0x0000000600000000, 0x0000000800000000)
  region size 4096K, 5 young (20480K), 5 survivors (20480K)
 Metaspace       used 85089K, committed 87040K, reserved 1179648K
  class space    used 11719K, committed 12672K, reserved 1048576K
}
Event: 18.450 GC heap before
{Heap before GC invocations=43 (full 0):
 garbage-first heap   total 438272K, used 371367K [0x0000000600000000, 0x0000000800000000)
  region size 4096K, 64 young (262144K), 5 survivors (20480K)
 Metaspace       used 85091K, committed 87040K, reserved 1179648K
  class space    used 11720K, committed 12672K, reserved 1048576K
}
Event: 18.460 GC heap after
{Heap after GC invocations=44 (full 0):
 garbage-first heap   total 438272K, used 133010K [0x0000000600000000, 0x0000000800000000)
  region size 4096K, 6 young (24576K), 6 survivors (24576K)
 Metaspace       used 85091K, committed 87040K, reserved 1179648K
  class space    used 11720K, committed 12672K, reserved 1048576K
}
Event: 18.785 GC heap before
{Heap before GC invocations=45 (full 0):
 garbage-first heap   total 438272K, used 370578K [0x0000000600000000, 0x0000000800000000)
  region size 4096K, 64 young (262144K), 6 survivors (24576K)
 Metaspace       used 85106K, committed 87040K, reserved 1179648K
  class space    used 11720K, committed 12672K, reserved 1048576K
}
Event: 18.796 GC heap after
{Heap after GC invocations=46 (full 0):
 garbage-first heap   total 438272K, used 137392K [0x0000000600000000, 0x0000000800000000)
  region size 4096K, 6 young (24576K), 6 survivors (24576K)
 Metaspace       used 85106K, committed 87040K, reserved 1179648K
  class space    used 11720K, committed 12672K, reserved 1048576K
}
Event: 19.623 GC heap before
{Heap before GC invocations=46 (full 0):
 garbage-first heap   total 438272K, used 370864K [0x0000000600000000, 0x0000000800000000)
  region size 4096K, 64 young (262144K), 6 survivors (24576K)
 Metaspace       used 89353K, committed 91264K, reserved 1179648K
  class space    used 12233K, committed 13184K, reserved 1048576K
}
Event: 19.633 GC heap after
{Heap after GC invocations=47 (full 0):
 garbage-first heap   total 438272K, used 132875K [0x0000000600000000, 0x0000000800000000)
  region size 4096K, 6 young (24576K), 6 survivors (24576K)
 Metaspace       used 89353K, committed 91264K, reserved 1179648K
  class space    used 12233K, committed 13184K, reserved 1048576K
}
Event: 21.896 GC heap before
{Heap before GC invocations=47 (full 0):
 garbage-first heap   total 438272K, used 366347K [0x0000000600000000, 0x0000000800000000)
  region size 4096K, 64 young (262144K), 6 survivors (24576K)
 Metaspace       used 93819K, committed 95744K, reserved 1179648K
  class space    used 12769K, committed 13760K, reserved 1048576K
}

