# JRE version: OpenJDK Runtime Environment (21.0.4) (build 21.0.4+-12508038-b607.1)
# Java VM: OpenJDK 64-Bit Server VM (21.0.4+-12508038-b607.1, mixed mode, tiered, compressed oops, compressed class ptrs, g1 gc, windows-amd64)
GC Precious Log:
 CardTable entry size: 512
 Card Set container configuration: InlinePtr #cards 4 size 8 Array Of Cards #cards 32 size 80 Howl #buckets 8 coarsen threshold 7372 Howl Bitmap #cards 1024 size 144 coarsen threshold 921 Card regions per heap region 1 cards per card region 8192
 CPUs: 12 total, 12 available
 Memory: 18277M
 Large Page Support: Disabled
 NUMA Support: Disabled
 Compressed Oops: Enabled (Zero based)
 Heap Region Size: 4M
 Heap Min Capacity: 8M
 Heap Initial Capacity: 288M
 Heap Max Capacity: 8G
 Pre-touch: Disabled
 Parallel Workers: 10
 Concurrent Workers: 3
 Concurrent Refinement Workers: 10
 Periodic GC: Disabled
Heap:
 garbage-first heap   total 552960K, used 91747K [0x0000000600000000, 0x0000000800000000)
  region size 4096K, 11 young (45056K), 3 survivors (12288K)
 Metaspace       used 49646K, committed 50880K, reserved 1114112K
  class space    used 6423K, committed 7040K, reserved 1048576K
GC Heap History (20 events):
Event: 15.005 GC heap before
{Heap before GC invocations=39 (full 0):
 garbage-first heap   total 364544K, used 251262K [0x0000000600000000, 0x0000000800000000)
  region size 4096K, 53 young (217088K), 4 survivors (16384K)
 Metaspace       used 47620K, committed 48896K, reserved 1114112K
  class space    used 6268K, committed 6912K, reserved 1048576K
}
Event: 15.015 GC heap after
{Heap after GC invocations=40 (full 0):
 garbage-first heap   total 364544K, used 51590K [0x0000000600000000, 0x0000000800000000)
  region size 4096K, 4 young (16384K), 4 survivors (16384K)
 Metaspace       used 47620K, committed 48896K, reserved 1114112K
  class space    used 6268K, committed 6912K, reserved 1048576K
}
Event: 15.280 GC heap before
{Heap before GC invocations=40 (full 0):
 garbage-first heap   total 364544K, used 252294K [0x0000000600000000, 0x0000000800000000)
  region size 4096K, 53 young (217088K), 4 survivors (16384K)
 Metaspace       used 47621K, committed 48896K, reserved 1114112K
  class space    used 6268K, committed 6912K, reserved 1048576K
}
Event: 15.288 GC heap after
{Heap after GC invocations=41 (full 0):
 garbage-first heap   total 364544K, used 53106K [0x0000000600000000, 0x0000000800000000)
  region size 4096K, 4 young (16384K), 4 survivors (16384K)
 Metaspace       used 47621K, committed 48896K, reserved 1114112K
  class space    used 6268K, committed 6912K, reserved 1048576K
}
Event: 15.623 GC heap before
{Heap before GC invocations=41 (full 0):
 garbage-first heap   total 364544K, used 253810K [0x0000000600000000, 0x0000000800000000)
  region size 4096K, 53 young (217088K), 4 survivors (16384K)
 Metaspace       used 47623K, committed 48896K, reserved 1114112K
  class space    used 6268K, committed 6912K, reserved 1048576K
}
Event: 15.634 GC heap after
{Heap after GC invocations=42 (full 0):
 garbage-first heap   total 458752K, used 54565K [0x0000000600000000, 0x0000000800000000)
  region size 4096K, 4 young (16384K), 4 survivors (16384K)
 Metaspace       used 47623K, committed 48896K, reserved 1114112K
  class space    used 6268K, committed 6912K, reserved 1048576K
}
Event: 16.229 GC heap before
{Heap before GC invocations=42 (full 0):
 garbage-first heap   total 458752K, used 312613K [0x0000000600000000, 0x0000000800000000)
  region size 4096K, 67 young (274432K), 4 survivors (16384K)
 Metaspace       used 47628K, committed 48896K, reserved 1114112K
  class space    used 6268K, committed 6912K, reserved 1048576K
}
Event: 16.241 GC heap after
{Heap after GC invocations=43 (full 0):
 garbage-first heap   total 458752K, used 55272K [0x0000000600000000, 0x0000000800000000)
  region size 4096K, 4 young (16384K), 4 survivors (16384K)
 Metaspace       used 47628K, committed 48896K, reserved 1114112K
  class space    used 6268K, committed 6912K, reserved 1048576K
}
Event: 16.691 GC heap before
{Heap before GC invocations=43 (full 0):
 garbage-first heap   total 458752K, used 313320K [0x0000000600000000, 0x0000000800000000)
  region size 4096K, 67 young (274432K), 4 survivors (16384K)
 Metaspace       used 47632K, committed 48896K, reserved 1114112K
  class space    used 6268K, committed 6912K, reserved 1048576K
}
Event: 16.701 GC heap after
{Heap after GC invocations=44 (full 0):
 garbage-first heap   total 458752K, used 56997K [0x0000000600000000, 0x0000000800000000)
  region size 4096K, 4 young (16384K), 4 survivors (16384K)
 Metaspace       used 47632K, committed 48896K, reserved 1114112K
  class space    used 6268K, committed 6912K, reserved 1048576K
}
Event: 17.195 GC heap before
{Heap before GC invocations=44 (full 0):
 garbage-first heap   total 458752K, used 315045K [0x0000000600000000, 0x0000000800000000)
  region size 4096K, 67 young (274432K), 4 survivors (16384K)
 Metaspace       used 47636K, committed 48896K, reserved 1114112K
  class space    used 6268K, committed 6912K, reserved 1048576K
}
Event: 17.206 GC heap after
{Heap after GC invocations=45 (full 0):
 garbage-first heap   total 458752K, used 58782K [0x0000000600000000, 0x0000000800000000)
  region size 4096K, 5 young (20480K), 5 survivors (20480K)
 Metaspace       used 47636K, committed 48896K, reserved 1114112K
  class space    used 6268K, committed 6912K, reserved 1048576K
}
Event: 17.622 GC heap before
{Heap before GC invocations=45 (full 0):
 garbage-first heap   total 458752K, used 312734K [0x0000000600000000, 0x0000000800000000)
  region size 4096K, 67 young (274432K), 5 survivors (20480K)
 Metaspace       used 47637K, committed 48896K, reserved 1114112K
  class space    used 6268K, committed 6912K, reserved 1048576K
}
Event: 17.633 GC heap after
{Heap after GC invocations=46 (full 0):
 garbage-first heap   total 552960K, used 61470K [0x0000000600000000, 0x0000000800000000)
  region size 4096K, 5 young (20480K), 5 survivors (20480K)
 Metaspace       used 47637K, committed 48896K, reserved 1114112K
  class space    used 6268K, committed 6912K, reserved 1048576K
}
Event: 18.224 GC heap before
{Heap before GC invocations=46 (full 0):
 garbage-first heap   total 552960K, used 372766K [0x0000000600000000, 0x0000000800000000)
  region size 4096K, 81 young (331776K), 5 survivors (20480K)
 Metaspace       used 47659K, committed 48960K, reserved 1114112K
  class space    used 6268K, committed 6912K, reserved 1048576K
}
Event: 18.235 GC heap after
{Heap after GC invocations=47 (full 0):
 garbage-first heap   total 552960K, used 61343K [0x0000000600000000, 0x0000000800000000)
  region size 4096K, 5 young (20480K), 5 survivors (20480K)
 Metaspace       used 47659K, committed 48960K, reserved 1114112K
  class space    used 6268K, committed 6912K, reserved 1048576K
}
Event: 18.776 GC heap before
{Heap before GC invocations=47 (full 0):
 garbage-first heap   total 552960K, used 372639K [0x0000000600000000, 0x0000000800000000)
  region size 4096K, 81 young (331776K), 5 survivors (20480K)
 Metaspace       used 47674K, committed 48960K, reserved 1114112K
  class space    used 6268K, committed 6912K, reserved 1048576K
}
Event: 18.785 GC heap after
{Heap after GC invocations=48 (full 0):
 garbage-first heap   total 552960K, used 62921K [0x0000000600000000, 0x0000000800000000)
  region size 4096K, 5 young (20480K), 5 survivors (20480K)
 Metaspace       used 47674K, committed 48960K, reserved 1114112K
  class space    used 6268K, committed 6912K, reserved 1048576K
}
Event: 21.560 GC heap before
{Heap before GC invocations=48 (full 0):
 garbage-first heap   total 552960K, used 378313K [0x0000000600000000, 0x0000000800000000)
  region size 4096K, 81 young (331776K), 5 survivors (20480K)
 Metaspace       used 49646K, committed 50880K, reserved 1114112K
  class space    used 6423K, committed 7040K, reserved 1048576K
}
Event: 21.566 GC heap after
{Heap after GC invocations=49 (full 0):
 garbage-first heap   total 552960K, used 63075K [0x0000000600000000, 0x0000000800000000)
  region size 4096K, 3 young (12288K), 3 survivors (12288K)
 Metaspace       used 49646K, committed 50880K, reserved 1114112K
  class space    used 6423K, committed 7040K, reserved 1048576K
}

