# JRE version: OpenJDK Runtime Environment (21.0.4) (build 21.0.4+-12508038-b607.1)
# Java VM: OpenJDK 64-Bit Server VM (21.0.4+-12508038-b607.1, mixed mode, tiered, compressed oops, compressed class ptrs, g1 gc, windows-amd64)
GC Precious Log:
 CardTable entry size: 512
 Card Set container configuration: InlinePtr #cards 4 size 8 Array Of Cards #cards 32 size 80 Howl #buckets 8 coarsen threshold 7372 Howl Bitmap #cards 1024 size 144 coarsen threshold 921 Card regions per heap region 1 cards per card region 8192
 CPUs: 12 total, 12 available
 Memory: 18277M
 Large Page Support: Disabled
 NUMA Support: Disabled
 Compressed Oops: Enabled (Zero based)
 Heap Region Size: 4M
 Heap Min Capacity: 8M
 Heap Initial Capacity: 288M
 Heap Max Capacity: 8G
 Pre-touch: Disabled
 Parallel Workers: 10
 Concurrent Workers: 3
 Concurrent Refinement Workers: 10
 Periodic GC: Disabled
Heap:
 garbage-first heap   total 610304K, used 211670K [0x0000000600000000, 0x0000000800000000)
  region size 4096K, 6 young (24576K), 6 survivors (24576K)
 Metaspace       used 165551K, committed 167936K, reserved 1245184K
  class space    used 20701K, committed 21888K, reserved 1048576K
GC Heap History (20 events):
Event: 67.546 GC heap after
{Heap after GC invocations=100 (full 0):
 garbage-first heap   total 507904K, used 153939K [0x0000000600000000, 0x0000000800000000)
  region size 4096K, 4 young (16384K), 4 survivors (16384K)
 Metaspace       used 154746K, committed 156992K, reserved 1245184K
  class space    used 19463K, committed 20608K, reserved 1048576K
}
Event: 68.068 GC heap before
{Heap before GC invocations=100 (full 0):
 garbage-first heap   total 507904K, used 440659K [0x0000000600000000, 0x0000000800000000)
  region size 4096K, 74 young (303104K), 4 survivors (16384K)
 Metaspace       used 154746K, committed 156992K, reserved 1245184K
  class space    used 19463K, committed 20608K, reserved 1048576K
}
Event: 68.076 GC heap after
{Heap after GC invocations=101 (full 0):
 garbage-first heap   total 507904K, used 153201K [0x0000000600000000, 0x0000000800000000)
  region size 4096K, 4 young (16384K), 4 survivors (16384K)
 Metaspace       used 154746K, committed 156992K, reserved 1245184K
  class space    used 19463K, committed 20608K, reserved 1048576K
}
Event: 68.510 GC heap before
{Heap before GC invocations=102 (full 0):
 garbage-first heap   total 507904K, used 439921K [0x0000000600000000, 0x0000000800000000)
  region size 4096K, 74 young (303104K), 4 survivors (16384K)
 Metaspace       used 154746K, committed 156992K, reserved 1245184K
  class space    used 19463K, committed 20608K, reserved 1048576K
}
Event: 68.517 GC heap after
{Heap after GC invocations=103 (full 0):
 garbage-first heap   total 610304K, used 154016K [0x0000000600000000, 0x0000000800000000)
  region size 4096K, 4 young (16384K), 4 survivors (16384K)
 Metaspace       used 154746K, committed 156992K, reserved 1245184K
  class space    used 19463K, committed 20608K, reserved 1048576K
}
Event: 69.449 GC heap before
{Heap before GC invocations=103 (full 0):
 garbage-first heap   total 610304K, used 502176K [0x0000000600000000, 0x0000000800000000)
  region size 4096K, 89 young (364544K), 4 survivors (16384K)
 Metaspace       used 154746K, committed 156992K, reserved 1245184K
  class space    used 19463K, committed 20608K, reserved 1048576K
}
Event: 69.457 GC heap after
{Heap after GC invocations=104 (full 0):
 garbage-first heap   total 610304K, used 153628K [0x0000000600000000, 0x0000000800000000)
  region size 4096K, 4 young (16384K), 4 survivors (16384K)
 Metaspace       used 154746K, committed 156992K, reserved 1245184K
  class space    used 19463K, committed 20608K, reserved 1048576K
}
Event: 73.710 GC heap before
{Heap before GC invocations=104 (full 0):
 garbage-first heap   total 610304K, used 501788K [0x0000000600000000, 0x0000000800000000)
  region size 4096K, 89 young (364544K), 4 survivors (16384K)
 Metaspace       used 160938K, committed 163200K, reserved 1245184K
  class space    used 20183K, committed 21312K, reserved 1048576K
}
Event: 73.724 GC heap after
{Heap after GC invocations=105 (full 0):
 garbage-first heap   total 610304K, used 153313K [0x0000000600000000, 0x0000000800000000)
  region size 4096K, 6 young (24576K), 6 survivors (24576K)
 Metaspace       used 160938K, committed 163200K, reserved 1245184K
  class space    used 20183K, committed 21312K, reserved 1048576K
}
Event: 79.091 GC heap before
{Heap before GC invocations=106 (full 0):
 garbage-first heap   total 520192K, used 444129K [0x0000000600000000, 0x0000000800000000)
  region size 4096K, 76 young (311296K), 6 survivors (24576K)
 Metaspace       used 164206K, committed 166592K, reserved 1245184K
  class space    used 20592K, committed 21760K, reserved 1048576K
}
Event: 79.117 GC heap after
{Heap after GC invocations=107 (full 0):
 garbage-first heap   total 520192K, used 193391K [0x0000000600000000, 0x0000000800000000)
  region size 4096K, 10 young (40960K), 10 survivors (40960K)
 Metaspace       used 164206K, committed 166592K, reserved 1245184K
  class space    used 20592K, committed 21760K, reserved 1048576K
}
Event: 79.390 GC heap before
{Heap before GC invocations=107 (full 0):
 garbage-first heap   total 520192K, used 443247K [0x0000000600000000, 0x0000000800000000)
  region size 4096K, 73 young (299008K), 10 survivors (40960K)
 Metaspace       used 165397K, committed 167744K, reserved 1245184K
  class space    used 20701K, committed 21888K, reserved 1048576K
}
Event: 79.411 GC heap after
{Heap after GC invocations=108 (full 0):
 garbage-first heap   total 520192K, used 199751K [0x0000000600000000, 0x0000000800000000)
  region size 4096K, 2 young (8192K), 2 survivors (8192K)
 Metaspace       used 165397K, committed 167744K, reserved 1245184K
  class space    used 20701K, committed 21888K, reserved 1048576K
}
Event: 79.640 GC heap before
{Heap before GC invocations=108 (full 0):
 garbage-first heap   total 520192K, used 474183K [0x0000000600000000, 0x0000000800000000)
  region size 4096K, 70 young (286720K), 2 survivors (8192K)
 Metaspace       used 165477K, committed 167872K, reserved 1245184K
  class space    used 20701K, committed 21888K, reserved 1048576K
}
Event: 79.646 GC heap after
{Heap after GC invocations=109 (full 0):
 garbage-first heap   total 520192K, used 203076K [0x0000000600000000, 0x0000000800000000)
  region size 4096K, 3 young (12288K), 3 survivors (12288K)
 Metaspace       used 165477K, committed 167872K, reserved 1245184K
  class space    used 20701K, committed 21888K, reserved 1048576K
}
Event: 79.917 GC heap before
{Heap before GC invocations=110 (full 0):
 garbage-first heap   total 520192K, used 477508K [0x0000000600000000, 0x0000000800000000)
  region size 4096K, 71 young (290816K), 3 survivors (12288K)
 Metaspace       used 165529K, committed 167872K, reserved 1245184K
  class space    used 20701K, committed 21888K, reserved 1048576K
}
Event: 79.924 GC heap after
{Heap after GC invocations=111 (full 0):
 garbage-first heap   total 520192K, used 200375K [0x0000000600000000, 0x0000000800000000)
  region size 4096K, 2 young (8192K), 2 survivors (8192K)
 Metaspace       used 165529K, committed 167872K, reserved 1245184K
  class space    used 20701K, committed 21888K, reserved 1048576K
}
Event: 80.191 GC heap before
{Heap before GC invocations=111 (full 0):
 garbage-first heap   total 520192K, used 478903K [0x0000000600000000, 0x0000000800000000)
  region size 4096K, 71 young (290816K), 2 survivors (8192K)
 Metaspace       used 165544K, committed 167936K, reserved 1245184K
  class space    used 20701K, committed 21888K, reserved 1048576K
}
Event: 80.200 GC heap after
{Heap after GC invocations=112 (full 0):
 garbage-first heap   total 520192K, used 200514K [0x0000000600000000, 0x0000000800000000)
  region size 4096K, 3 young (12288K), 3 survivors (12288K)
 Metaspace       used 165544K, committed 167936K, reserved 1245184K
  class space    used 20701K, committed 21888K, reserved 1048576K
}
Event: 80.450 GC heap before
{Heap before GC invocations=112 (full 0):
 garbage-first heap   total 520192K, used 470850K [0x0000000600000000, 0x0000000800000000)
  region size 4096K, 70 young (286720K), 3 survivors (12288K)
 Metaspace       used 165551K, committed 167936K, reserved 1245184K
  class space    used 20701K, committed 21888K, reserved 1048576K
}

